Loja:  33120660000327
Não foi possivel consultar Fornecedor na API!
Log gerado no diretorio:  src/log/ConsultarApiFornecedor-2024-01-16-142015.txt!
 ---------------- Sincronização de Vendas  ---------------- 

CNPJ Loja:  33.120.660/0003-27
Arquivo não configurado!
Data ultima sincronização vendas:  undefined
Data hora atual:  2024-01-16 14:20:25
Por default o sistema criou o arquivo src/config/NFeConfig.txt!
Vendas:  0
Itens:  0
FormaPagamento:  0
Não existe novas vendas!
xxxxxxxxxxxxxxxxxxxxxxxxxxxxxxxxxxxxx
Loja:  33120660000327
Erro ao consultar produto na API!
Log gerado no diretorio:  src/log/ConsultarApiProduto!
Não foi possivel consultar Fornecedor na API!
Log gerado no diretorio:  src/log/ConsultarApiFornecedor-2024-01-16-142026.txt!
Loja:  33120660000327
Não foi possivel consultar Fornecedor na API!
Log gerado no diretorio:  src/log/ConsultarApiFornecedor-2024-01-16-142041.txt!
 ---------------- Sincronização de Vendas  ---------------- 

CNPJ Loja:  33.120.660/0003-27
Data ultima sincronização vendas:  2024-01-16 00:00:00
Data hora atual:  2024-01-16 14:20:55
Loja:  33120660000327
Vendas:  21
Itens:  57
FormaPagamento:  28
Qtd de vendas:  21
CNPJ:  33120660000327
Erro ao consultar produto na API!
Log gerado no diretorio:  src/log/ConsultarApiProduto!
Não foi possivel consultar Fornecedor na API!
Log gerado no diretorio:  src/log/ConsultarApiFornecedor-2024-01-16-142056.txt!
Erro ao enviar NF-e!
Log gerado no diretorio:  src/log/ErroAoEnviarNFe-2024-01-16-142056.txt!
Loja:  33120660000327
Não foi possivel consultar Fornecedor na API!
Log gerado no diretorio:  src/log/ConsultarApiFornecedor-2024-01-16-142111.txt!
 ---------------- Sincronização de Vendas  ---------------- 

CNPJ Loja:  33.120.660/0003-27
Data ultima sincronização vendas:  2024-01-16 00:00:00
Data hora atual:  2024-01-16 14:21:25
Vendas:  21
Itens:  57
FormaPagamento:  28
Qtd de vendas:  21
CNPJ:  33120660000327
Loja:  33120660000327
Erro ao consultar produto na API!
Log gerado no diretorio:  src/log/ConsultarApiProduto!
Não foi possivel consultar Fornecedor na API!
Log gerado no diretorio:  src/log/ConsultarApiFornecedor-2024-01-16-142126.txt!
Erro ao enviar NF-e!
Log gerado no diretorio:  src/log/ErroAoEnviarNFe-2024-01-16-142126.txt!
Loja:  33120660000327
Não foi possivel consultar Fornecedor na API!
Log gerado no diretorio:  src/log/ConsultarApiFornecedor-2024-01-16-142141.txt!
 ---------------- Sincronização de Vendas  ---------------- 

CNPJ Loja:  33.120.660/0003-27
Data ultima sincronização vendas:  2024-01-16 00:00:00
Data hora atual:  2024-01-16 14:21:55
Vendas:  21
Itens:  57
FormaPagamento:  28
Qtd de vendas:  21
CNPJ:  33120660000327
Loja:  33120660000327
Erro ao consultar produto na API!
Log gerado no diretorio:  src/log/ConsultarApiProduto!
Não foi possivel consultar Fornecedor na API!
Log gerado no diretorio:  src/log/ConsultarApiFornecedor-2024-01-16-142156.txt!
Erro ao enviar NF-e!
Log gerado no diretorio:  src/log/ErroAoEnviarNFe-2024-01-16-142156.txt!
Loja:  33120660000327
Não foi possivel consultar Fornecedor na API!
Log gerado no diretorio:  src/log/ConsultarApiFornecedor-2024-01-16-142211.txt!
 ---------------- Sincronização de Vendas  ---------------- 

CNPJ Loja:  33.120.660/0003-27
Data ultima sincronização vendas:  2024-01-16 00:00:00
Data hora atual:  2024-01-16 14:22:25
Vendas:  21
Itens:  57
FormaPagamento:  28
Qtd de vendas:  21
CNPJ:  33120660000327
Loja:  33120660000327
Erro ao consultar produto na API!
Log gerado no diretorio:  src/log/ConsultarApiProduto!
Não foi possivel consultar Fornecedor na API!
Log gerado no diretorio:  src/log/ConsultarApiFornecedor-2024-01-16-142226.txt!
Erro ao enviar NF-e!
Log gerado no diretorio:  src/log/ErroAoEnviarNFe-2024-01-16-142226.txt!
Loja:  33120660000327
Não foi possivel consultar Fornecedor na API!
Log gerado no diretorio:  src/log/ConsultarApiFornecedor-2024-01-16-142241.txt!
